[2021-01-11 13:53:03,796] multiqc                                            [DEBUG  ]  No MultiQC config found: /auto/brno6/home/fsbrno2/nikolato/.conda/envs/sophia/lib/python3.7/site-packages/multiqc_config.yaml
[2021-01-11 13:53:03,797] multiqc                                            [DEBUG  ]  No MultiQC config found: /storage/brno11-elixir/home/nikolato/.multiqc_config.yaml
[2021-01-11 13:53:03,797] multiqc                                            [DEBUG  ]  No MultiQC config found: multiqc_config.yaml
[2021-01-11 13:53:03,797] multiqc                                            [DEBUG  ]  Command used: /storage/brno2/home/nikolato/.conda/envs/sophia/bin/multiqc --force -o /storage/brno3-cerit/home/nikolato/ngs/data/sophia/Task_DNA/results2/multiqc /storage/brno3-cerit/home/nikolato/ngs/data/sophia/Task_DNA/results2
[2021-01-11 13:53:04,183] multiqc                                            [WARNING]  MultiQC Version v1.9 now available!
[2021-01-11 13:53:04,183] multiqc                                            [INFO   ]  This is MultiQC v1.7
[2021-01-11 13:53:04,183] multiqc                                            [DEBUG  ]  Command     : /storage/brno2/home/nikolato/.conda/envs/sophia/bin/multiqc --force -o /storage/brno3-cerit/home/nikolato/ngs/data/sophia/Task_DNA/results2/multiqc /storage/brno3-cerit/home/nikolato/ngs/data/sophia/Task_DNA/results2
[2021-01-11 13:53:04,183] multiqc                                            [DEBUG  ]  Working dir : /auto/brno3-cerit/nfs4/home/nikolato/ngs/data/sophia/Task_DNA/results2/varcall/maf
[2021-01-11 13:53:04,183] multiqc                                            [INFO   ]  Template    : default
[2021-01-11 13:53:04,184] multiqc                                            [INFO   ]  Searching '/storage/brno3-cerit/home/nikolato/ngs/data/sophia/Task_DNA/results2'
[2021-01-11 13:53:04,184] multiqc                                            [DEBUG  ]  Analysing modules: custom_content, conpair, peddy, methylQA, phantompeakqualtools, qualimap, preseq, quast, qorts, rna_seqc, rsem, rseqc, busco, goleft_indexcov, disambiguate, supernova, deeptools, sargasso, verifybamid, mirtrace, happy, homer, macs2, theta2, snpeff, gatk, htseq, bcftools, featureCounts, dedup, damageprofiler, picard, prokka, samblaster, samtools, bamtools, jellyfish, vcftools, longranger, stacks, bbmap, bismark, biscuit, hicexplorer, hicup, hicpro, salmon, kallisto, slamdunk, star, hisat2, tophat, bowtie2, bowtie1, kat, leehom, adapterRemoval, clipandmerge, cutadapt, flexbar, trimmomatic, skewer, sortmerna, biobloomtools, fastq_screen, afterqc, fastp, fastqc, minionqc, clusterflow, bcl2fastq, interop, flash
[2021-01-11 13:53:04,184] multiqc                                            [DEBUG  ]  Using temporary directory for creating report: /var/tmp/pbs.5600140.meta-pbs.metacentrum.cz/tmpz5c3zk15
[2021-01-11 13:53:05,120] multiqc                                            [DEBUG  ]  Ignoring file as matched an ignore pattern: CH_S2_L001.vardict.vcf
[2021-01-11 13:53:05,131] multiqc                                            [DEBUG  ]  Ignoring file as matched an ignore pattern: AH_S1_L001.vardict.vcf
[2021-01-11 13:53:05,178] multiqc                                            [DEBUG  ]  Ignoring file as matched an ignore pattern: CH_S2_L001.vardict.vep.vcf
[2021-01-11 13:53:05,178] multiqc                                            [DEBUG  ]  Ignoring file as matched an ignore pattern: AH_S1_L001.vardict.split.vcf
[2021-01-11 13:53:05,178] multiqc                                            [DEBUG  ]  Ignoring file as matched an ignore pattern: CH_S2_L001.vardict.vcf
[2021-01-11 13:53:05,178] multiqc                                            [DEBUG  ]  Ignoring file as matched an ignore pattern: AH_S1_L001.vardict.vep.vcf
[2021-01-11 13:53:05,178] multiqc                                            [DEBUG  ]  Ignoring file as matched an ignore pattern: AH_S1_L001.vardict.vcf
[2021-01-11 13:53:05,179] multiqc                                            [DEBUG  ]  Ignoring file as matched an ignore pattern: CH_S2_L001.vardict.vep.vcf_summary.html
[2021-01-11 13:53:05,179] multiqc                                            [DEBUG  ]  Ignoring file as matched an ignore pattern: AH_S1_L001.vardict.vep.vcf_summary.html
[2021-01-11 13:53:05,179] multiqc                                            [DEBUG  ]  Ignoring file as matched an ignore pattern: CH_S2_L001.vardict.vcf
[2021-01-11 13:53:05,179] multiqc                                            [DEBUG  ]  Ignoring file as matched an ignore pattern: AH_S1_L001.vardict.vcf
[2021-01-11 13:53:05,179] multiqc                                            [DEBUG  ]  Ignoring file as matched an ignore pattern: AH_S1_L001.bam.bai
[2021-01-11 13:53:05,179] multiqc                                            [DEBUG  ]  Ignoring file as matched an ignore pattern: CH_S2_L001.bam.bai
[2021-01-11 13:53:05,179] multiqc                                            [DEBUG  ]  Ignoring file as matched an ignore pattern: CH_S2_L001.bam
[2021-01-11 13:53:05,179] multiqc                                            [DEBUG  ]  Ignoring file as matched an ignore pattern: AH_S1_L001.bam
[2021-01-11 13:53:05,179] multiqc                                            [DEBUG  ]  Ignoring file as matched an ignore pattern: CH_S2_L001.rmdup.bam
[2021-01-11 13:53:05,179] multiqc                                            [DEBUG  ]  Ignoring file as matched an ignore pattern: AH_S1_L001.rmdup.bam.bai
[2021-01-11 13:53:05,190] multiqc                                            [DEBUG  ]  Ignoring file as matched an ignore pattern: AH_S1_L001.rmdup.bam
[2021-01-11 13:53:05,190] multiqc                                            [DEBUG  ]  Ignoring file as matched an ignore pattern: CH_S2_L001.rmdup.bam.bai
[2021-01-11 13:53:05,213] multiqc                                            [DEBUG  ]  Ignoring file as matched an ignore pattern: AH_S1_L001_R2.se_fastqc.html
[2021-01-11 13:53:05,213] multiqc                                            [DEBUG  ]  Ignoring file as matched an ignore pattern: AH_S1_L001_R2.pe_fastqc.html
[2021-01-11 13:53:05,213] multiqc                                            [DEBUG  ]  Ignoring file as matched an ignore pattern: CH_S2_L001_R1.pe_fastqc.html
[2021-01-11 13:53:05,213] multiqc                                            [DEBUG  ]  Ignoring file as matched an ignore pattern: AH_S1_L001_R2_fastqc.html
[2021-01-11 13:53:05,213] multiqc                                            [DEBUG  ]  Ignoring file as matched an ignore pattern: CH_S2_L001_R2_fastqc.html
[2021-01-11 13:53:05,214] multiqc                                            [DEBUG  ]  Ignoring file as matched an ignore pattern: AH_S1_L001_R1.se_fastqc.html
[2021-01-11 13:53:05,214] multiqc                                            [DEBUG  ]  Ignoring file as matched an ignore pattern: AH_S1_L001_R1_fastqc.html
[2021-01-11 13:53:05,214] multiqc                                            [DEBUG  ]  Ignoring file as matched an ignore pattern: CH_S2_L001_R1.se_fastqc.html
[2021-01-11 13:53:05,214] multiqc                                            [DEBUG  ]  Ignoring file as matched an ignore pattern: CH_S2_L001_R2.pe_fastqc.html
[2021-01-11 13:53:05,215] multiqc                                            [DEBUG  ]  Ignoring file as matched an ignore pattern: CH_S2_L001_R2.se_fastqc.html
[2021-01-11 13:53:05,215] multiqc                                            [DEBUG  ]  Ignoring file as matched an ignore pattern: CH_S2_L001_R1_fastqc.html
[2021-01-11 13:53:05,215] multiqc                                            [DEBUG  ]  Ignoring file as matched an ignore pattern: AH_S1_L001_R1.pe_fastqc.html
[2021-01-11 13:53:10,284] multiqc                                            [DEBUG  ]  No samples found: custom_content
[2021-01-11 13:53:10,308] multiqc                                            [DEBUG  ]  No samples found: conpair
[2021-01-11 13:53:10,344] multiqc                                            [DEBUG  ]  No samples found: peddy
[2021-01-11 13:53:10,386] multiqc                                            [DEBUG  ]  No samples found: methylQA
[2021-01-11 13:53:10,414] multiqc                                            [DEBUG  ]  No samples found: phantompeakqualtools
[2021-01-11 13:53:10,440] multiqc                                            [DEBUG  ]  No samples found: qualimap
[2021-01-11 13:53:10,464] multiqc                                            [DEBUG  ]  No samples found: preseq
[2021-01-11 13:53:10,476] multiqc                                            [DEBUG  ]  No samples found: quast
[2021-01-11 13:53:10,490] multiqc                                            [DEBUG  ]  No samples found: qorts
[2021-01-11 13:53:10,506] multiqc                                            [DEBUG  ]  No samples found: rna_seqc
[2021-01-11 13:53:10,522] multiqc                                            [DEBUG  ]  No samples found: rsem
[2021-01-11 13:53:10,582] multiqc                                            [DEBUG  ]  No samples found: rseqc
[2021-01-11 13:53:10,595] multiqc                                            [DEBUG  ]  No samples found: busco
[2021-01-11 13:53:10,614] multiqc                                            [DEBUG  ]  No samples found: goleft_indexcov
[2021-01-11 13:53:10,635] multiqc                                            [DEBUG  ]  No samples found: disambiguate
[2021-01-11 13:53:10,655] multiqc                                            [DEBUG  ]  No samples found: supernova
[2021-01-11 13:53:10,691] multiqc                                            [DEBUG  ]  No samples found: deeptools
[2021-01-11 13:53:10,724] multiqc                                            [DEBUG  ]  No samples found: sargasso
[2021-01-11 13:53:10,744] multiqc                                            [DEBUG  ]  No samples found: verifybamid
[2021-01-11 13:53:10,790] multiqc                                            [DEBUG  ]  No samples found: mirtrace
[2021-01-11 13:53:10,814] multiqc                                            [DEBUG  ]  No samples found: happy
[2021-01-11 13:53:10,850] multiqc                                            [DEBUG  ]  No samples found: homer
[2021-01-11 13:53:10,863] multiqc                                            [DEBUG  ]  No samples found: macs2
[2021-01-11 13:53:10,874] multiqc                                            [DEBUG  ]  No samples found: theta2
[2021-01-11 13:53:11,243] multiqc                                            [DEBUG  ]  No samples found: snpeff
[2021-01-11 13:53:11,282] multiqc                                            [DEBUG  ]  No samples found: gatk
[2021-01-11 13:53:11,322] multiqc                                            [DEBUG  ]  No samples found: htseq
[2021-01-11 13:53:11,344] multiqc                                            [DEBUG  ]  No samples found: bcftools
[2021-01-11 13:53:11,355] multiqc                                            [DEBUG  ]  No samples found: featureCounts
[2021-01-11 13:53:11,366] multiqc                                            [DEBUG  ]  No samples found: dedup
[2021-01-11 13:53:11,377] multiqc                                            [DEBUG  ]  No samples found: damageprofiler
[2021-01-11 13:53:11,518] multiqc.modules.picard.picard                      [INFO   ]  Found 4 HsMetrics reports
[2021-01-11 13:53:11,522] multiqc.modules.picard.picard                      [INFO   ]  Found 2 MarkDuplicates reports
[2021-01-11 13:53:11,527] multiqc.modules.picard.picard                      [INFO   ]  Found 4 TargetedPcrMetrics reports
[2021-01-11 13:53:11,547] multiqc                                            [DEBUG  ]  No samples found: prokka
[2021-01-11 13:53:11,574] multiqc                                            [DEBUG  ]  No samples found: samblaster
[2021-01-11 13:53:11,601] multiqc                                            [DEBUG  ]  No samples found: samtools
[2021-01-11 13:53:11,618] multiqc                                            [DEBUG  ]  No samples found: bamtools
[2021-01-11 13:53:11,631] multiqc                                            [DEBUG  ]  No samples found: jellyfish
[2021-01-11 13:53:11,673] multiqc                                            [DEBUG  ]  No samples found: vcftools
[2021-01-11 13:53:11,690] multiqc                                            [DEBUG  ]  No samples found: longranger
[2021-01-11 13:53:11,702] multiqc                                            [DEBUG  ]  No samples found: stacks
[2021-01-11 13:53:11,760] multiqc                                            [DEBUG  ]  No samples found: bbmap
[2021-01-11 13:53:11,774] multiqc                                            [DEBUG  ]  No samples found: bismark
[2021-01-11 13:53:11,786] multiqc                                            [DEBUG  ]  No samples found: biscuit
[2021-01-11 13:53:11,817] multiqc                                            [DEBUG  ]  No samples found: hicexplorer
[2021-01-11 13:53:11,864] multiqc                                            [DEBUG  ]  No samples found: hicup
[2021-01-11 13:53:11,887] multiqc                                            [DEBUG  ]  No samples found: hicpro
[2021-01-11 13:53:11,900] multiqc                                            [DEBUG  ]  No samples found: salmon
[2021-01-11 13:53:11,915] multiqc                                            [DEBUG  ]  No samples found: kallisto
[2021-01-11 13:53:11,927] multiqc                                            [DEBUG  ]  No samples found: slamdunk
[2021-01-11 13:53:11,945] multiqc                                            [DEBUG  ]  No samples found: star
[2021-01-11 13:53:11,957] multiqc                                            [DEBUG  ]  No samples found: hisat2
[2021-01-11 13:53:11,986] multiqc                                            [DEBUG  ]  No samples found: tophat
[2021-01-11 13:53:12,013] multiqc                                            [DEBUG  ]  No samples found: bowtie2
[2021-01-11 13:53:12,029] multiqc                                            [DEBUG  ]  No samples found: bowtie1
[2021-01-11 13:53:12,041] multiqc                                            [DEBUG  ]  No samples found: kat
[2021-01-11 13:53:12,052] multiqc                                            [DEBUG  ]  No samples found: leehom
[2021-01-11 13:53:12,068] multiqc                                            [DEBUG  ]  No samples found: adapterRemoval
[2021-01-11 13:53:12,079] multiqc                                            [DEBUG  ]  No samples found: clipandmerge
[2021-01-11 13:53:12,104] multiqc                                            [DEBUG  ]  No samples found: cutadapt
[2021-01-11 13:53:12,117] multiqc                                            [DEBUG  ]  No samples found: flexbar
[2021-01-11 13:53:12,130] multiqc                                            [DEBUG  ]  No samples found: trimmomatic
[2021-01-11 13:53:12,173] multiqc                                            [DEBUG  ]  No samples found: skewer
[2021-01-11 13:53:12,187] multiqc                                            [DEBUG  ]  No samples found: sortmerna
[2021-01-11 13:53:12,199] multiqc                                            [DEBUG  ]  No samples found: biobloomtools
[2021-01-11 13:53:12,214] multiqc                                            [DEBUG  ]  No samples found: fastq_screen
[2021-01-11 13:53:12,246] multiqc                                            [DEBUG  ]  No samples found: afterqc
[2021-01-11 13:53:12,260] multiqc                                            [DEBUG  ]  No samples found: fastp
[2021-01-11 13:53:12,477] multiqc.modules.fastqc.fastqc                      [INFO   ]  Found 12 reports
[2021-01-11 13:53:12,731] multiqc                                            [DEBUG  ]  No samples found: minionqc
[2021-01-11 13:53:12,767] multiqc                                            [DEBUG  ]  No samples found: clusterflow
[2021-01-11 13:53:12,802] multiqc                                            [DEBUG  ]  No samples found: bcl2fastq
[2021-01-11 13:53:12,837] multiqc                                            [DEBUG  ]  No samples found: interop
[2021-01-11 13:53:12,861] multiqc                                            [DEBUG  ]  No samples found: flash
[2021-01-11 13:53:12,884] multiqc                                            [INFO   ]  Compressing plot data
[2021-01-11 13:53:13,029] multiqc                                            [INFO   ]  Report      : ../../../../../../../../../../../../storage/brno3-cerit/home/nikolato/ngs/data/sophia/Task_DNA/results2/multiqc/multiqc_report.html
[2021-01-11 13:53:13,029] multiqc                                            [INFO   ]  Data        : ../../../../../../../../../../../../storage/brno3-cerit/home/nikolato/ngs/data/sophia/Task_DNA/results2/multiqc/multiqc_data
[2021-01-11 13:53:13,030] multiqc                                            [DEBUG  ]  Moving data file from '/var/tmp/pbs.5600140.meta-pbs.metacentrum.cz/tmpz5c3zk15/multiqc_data/multiqc_picard_HsMetrics.txt' to '/storage/brno3-cerit/home/nikolato/ngs/data/sophia/Task_DNA/results2/multiqc/multiqc_data'
[2021-01-11 13:53:13,034] multiqc                                            [DEBUG  ]  Moving data file from '/var/tmp/pbs.5600140.meta-pbs.metacentrum.cz/tmpz5c3zk15/multiqc_data/multiqc_picard_dups.txt' to '/storage/brno3-cerit/home/nikolato/ngs/data/sophia/Task_DNA/results2/multiqc/multiqc_data'
[2021-01-11 13:53:13,038] multiqc                                            [DEBUG  ]  Moving data file from '/var/tmp/pbs.5600140.meta-pbs.metacentrum.cz/tmpz5c3zk15/multiqc_data/multiqc_picard_pcrmetrics.txt' to '/storage/brno3-cerit/home/nikolato/ngs/data/sophia/Task_DNA/results2/multiqc/multiqc_data'
[2021-01-11 13:53:13,041] multiqc                                            [DEBUG  ]  Moving data file from '/var/tmp/pbs.5600140.meta-pbs.metacentrum.cz/tmpz5c3zk15/multiqc_data/multiqc_fastqc.txt' to '/storage/brno3-cerit/home/nikolato/ngs/data/sophia/Task_DNA/results2/multiqc/multiqc_data'
[2021-01-11 13:53:13,044] multiqc                                            [DEBUG  ]  Moving data file from '/var/tmp/pbs.5600140.meta-pbs.metacentrum.cz/tmpz5c3zk15/multiqc_data/multiqc_general_stats.txt' to '/storage/brno3-cerit/home/nikolato/ngs/data/sophia/Task_DNA/results2/multiqc/multiqc_data'
[2021-01-11 13:53:13,048] multiqc                                            [DEBUG  ]  Moving data file from '/var/tmp/pbs.5600140.meta-pbs.metacentrum.cz/tmpz5c3zk15/multiqc_data/multiqc_sources.txt' to '/storage/brno3-cerit/home/nikolato/ngs/data/sophia/Task_DNA/results2/multiqc/multiqc_data'
[2021-01-11 13:53:13,051] multiqc                                            [DEBUG  ]  Moving data file from '/var/tmp/pbs.5600140.meta-pbs.metacentrum.cz/tmpz5c3zk15/multiqc_data/multiqc_data.json' to '/storage/brno3-cerit/home/nikolato/ngs/data/sophia/Task_DNA/results2/multiqc/multiqc_data'
[2021-01-11 13:53:13,657] multiqc                                            [INFO   ]  MultiQC complete
